build/app/outputs/mapping/release/seeds.txt
io.flutter.embedding.engine.FlutterJNI: void loadDartDeferredLibrary(int,java.lang.String[])
io.flutter.embedding.engine.FlutterJNI: void nativeDispatchPointerDataPacket(long,java.nio.ByteBuffer,int)
io.flutter.view.FlutterCallbackInformation: io.flutter.view.FlutterCallbackInformation lookupCallbackInformation(long)
io.flutter.view.AccessibilityBridge$AccessibilityFeature: io.flutter.view.AccessibilityBridge$AccessibilityFeature[] values()
androidx.lifecycle.ReflectiveGenericLifecycleObserver
io.flutter.embedding.engine.FlutterJNI: void ensureRunningOnMainThread()
io.flutter.embedding.engine.FlutterJNI: boolean initCalled
io.flutter.embedding.engine.FlutterOverlaySurface: FlutterOverlaySurface(int,android.view.Surface)
io.flutter.view.AccessibilityViewEmbedder: int nextFlutterId
io.flutter.embedding.engine.FlutterJNI: void nativeDispatchEmptyPlatformMessage(long,java.lang.String,int)
io.flutter.embedding.engine.FlutterJNI: void handlePlatformMessage(java.lang.String,byte[],int)
io.flutter.embedding.engine.systemchannels.TextInputChannel$TextCapitalization: io.flutter.embedding.engine.systemchannels.TextInputChannel$TextCapitalization valueOf(java.lang.String)
io.flutter.plugins.GeneratedPluginRegistrant: GeneratedPluginRegistrant()
com.google.common.util.concurrent.AbstractFuture: com.google.common.util.concurrent.AbstractFuture$Listener listeners
io.flutter.embedding.android.RenderMode: io.flutter.embedding.android.RenderMode[] values()
io.flutter.plugin.platform.SingleViewPresentation: SingleViewPresentation(android.content.Context,android.view.Display,io.flutter.plugin.platform.AccessibilityEventsDelegate,io.flutter.plugin.platform.SingleViewPresentation$PresentationState,android.view.View$OnFocusChangeListener,boolean)
io.flutter.plugin.platform.SingleViewPresentation: void onCreate(android.os.Bundle)
io.flutter.embedding.engine.FlutterJNI: void nativeNotifyLowMemoryWarning(long)
io.flutter.embedding.engine.renderer.SurfaceTextureWrapper: void detachFromGLContext()
io.flutter.embedding.engine.FlutterJNI: void addIsDisplayingFlutterUiListener(io.flutter.embedding.engine.renderer.FlutterUiDisplayListener)
io.flutter.embedding.android.FlutterImageView$SurfaceKind: io.flutter.embedding.android.FlutterImageView$SurfaceKind valueOf(java.lang.String)
io.flutter.plugin.editing.ImeSyncDeferringInsetsCallback: android.view.WindowInsets access$400(io.flutter.plugin.editing.ImeSyncDeferringInsetsCallback)
android.support.v4.graphics.drawable.IconCompatParcelizer
androidx.lifecycle.Lifecycle$Event: androidx.lifecycle.Lifecycle$Event ON_PAUSE
io.flutter.embedding.engine.FlutterJNI: void onFirstFrame()
androidx.core.graphics.drawable.IconCompatParcelizer: androidx.core.graphics.drawable.IconCompat read(androidx.versionedparcelable.VersionedParcel)
io.flutter.embedding.android.FlutterSplashView$SavedState: java.lang.String previousCompletedSplashIsolate
io.flutter.plugin.editing.ImeSyncDeferringInsetsCallback: boolean needsSave
io.flutter.embedding.android.FlutterView: android.view.accessibility.AccessibilityNodeProvider getAccessibilityNodeProvider()
io.flutter.embedding.engine.systemchannels.PlatformChannel$ClipboardContentFormat: io.flutter.embedding.engine.systemchannels.PlatformChannel$ClipboardContentFormat valueOf(java.lang.String)
io.flutter.embedding.engine.FlutterJNI: void setPlatformViewsController(io.flutter.plugin.platform.PlatformViewsController)
io.flutter.embedding.engine.FlutterJNI: void notifyLowMemoryWarning()
io.flutter.embedding.engine.systemchannels.PlatformChannel$ClipboardContentFormat: io.flutter.embedding.engine.systemchannels.PlatformChannel$ClipboardContentFormat[] values()
io.flutter.embedding.engine.FlutterJNI: void nativeInit(android.content.Context,java.lang.String[],java.lang.String,java.lang.String,java.lang.String,long)
io.flutter.embedding.engine.FlutterJNI: boolean nativeFlutterTextUtilsIsRegionalIndicator(int)
io.flutter.embedding.engine.renderer.SurfaceTextureWrapper: void updateTexImage()