build/app/outputs/mapping/release/usage.txt
kotlin.coroutines.experimental.migration.ExperimentalContextMigration
com.google.common.graph.MutableGraph
kotlin.native.concurrent.SharedImmutable
androidx.loader.R$drawable
com.google.common.collect.ImmutableListMultimap$Builder
com.google.common.collect.ImmutableSortedMap$Builder
com.google.common.collect.CompactHashMap$MapEntry
com.google.common.collect.Maps$NavigableAsMapView
com.google.common.collect.AbstractMapBasedMultimap$WrappedNavigableSet
com.google.common.cache.Striped64$1
kotlin.io.FileTreeWalk$WalkState
com.google.common.base.Joiner$1
com.google.common.collect.Maps$1
com.google.common.cache.LocalCache$WeightedStrongValueReference
com.google.common.collect.LinkedListMultimap$DistinctKeyIterator
com.google.common.util.concurrent.Striped
kotlin.coroutines.experimental.migration.ExperimentalContextMigration$Key
kotlin.jvm.internal.Intrinsics:
    public static java.lang.String stringPlus(java.lang.String,java.lang.Object)
    public static void checkNotNull(java.lang.Object)
    public static void checkNotNull(java.lang.Object,java.lang.String)
    public static void throwNpe(java.lang.String)
    public static void throwAssert()
    public static void throwAssert(java.lang.String)
    public static void throwIllegalArgument()
    public static void throwIllegalArgument(java.lang.String)
    public static void throwIllegalState()
    public static void throwIllegalState(java.lang.String)
    public static void checkNotNullExpressionValue(java.lang.Object,java.lang.String)
    public static void checkReturnedValueIsNotNull(java.lang.Object,java.lang.String,java.lang.String)
    public static void checkReturnedValueIsNotNull(java.lang.Object,java.lang.String)
    public static void checkFieldIsNotNull(java.lang.Object,java.lang.String,java.lang.String)
    public static void checkFieldIsNotNull(java.lang.Object,java.lang.String)
    public static void checkNotNullParameter(java.lang.Object,java.lang.String)
    public static int compare(long,long)
    public static int compare(int,int)
    public static boolean areEqual(java.lang.Double,java.lang.Double)
    public static boolean areEqual(java.lang.Double,double)
    public static boolean areEqual(double,java.lang.Double)
    public static boolean areEqual(java.lang.Float,java.lang.Float)
com.google.common.primitives.Booleans
com.google.common.collect.FilteredKeySetMultimap$EntrySet
com.google.common.collect.ImmutableMultiset$EntrySet
kotlin.random.AbstractPlatformRandom
androidx.core.provider.FontsContractCompat$2
com.google.common.collect.Multisets$3
com.google.common.collect.Iterators$5
com.google.common.collect.TreeMultiset$1
kotlin.jvm.internal.IntCompanionObject
com.google.common.primitives.Floats$FloatConverter
com.google.common.collect.ImmutableSortedSet
com.google.common.base.Functions
io.flutter.embedding.engine.mutatorsstack.FlutterMutatorsStack$FlutterMutator:
    public void <init>(io.flutter.embedding.engine.mutatorsstack.FlutterMutatorsStack,android.graphics.Path)
    public io.flutter.embedding.engine.mutatorsstack.FlutterMutatorsStack$FlutterMutatorType getType()
    public android.graphics.Rect getRect()
    public android.graphics.Path getPath()
    private android.graphics.Path path
com.it_nomads.fluttersecurestorage.ciphers.RSACipher18Implementation:
    public byte[] encrypt(byte[])
    public byte[] decrypt(byte[])
    private static final java.lang.String KEYSTORE_PROVIDER_ANDROID
    private static final java.lang.String TYPE_RSA
com.google.common.base.Joiner
io.flutter.embedding.android.FlutterImageView:
    public void <init>(android.content.Context)
    public void <init>(android.content.Context,android.util.AttributeSet)
com.google.common.io.ReaderInputStream
com.google.common.primitives.Shorts$LexicographicalComparator
androidx.annotation.RequiresPermission$Read
com.google.common.escape.Escapers
androidx.versionedparcelable.CustomVersionedParcelable:
    public void onPreParceling(boolean)
    public void onPostParceling()